Symlinking /home/rmy/sensor_driver/devel/lib/libouster_ros.so
Symlinking /home/rmy/sensor_driver/devel/lib/libnodelets_os.so
Symlinking /home/rmy/sensor_driver/devel/lib/libouster_client.a
Symlinking /home/rmy/sensor_driver/devel/lib/pkgconfig/ouster_ros.pc
Symlinking /home/rmy/sensor_driver/devel/lib/python3/dist-packages/ouster_ros/__init__.py
Symlinking /home/rmy/sensor_driver/devel/lib/python3/dist-packages/ouster_ros/srv/_GetConfig.py
Symlinking /home/rmy/sensor_driver/devel/lib/python3/dist-packages/ouster_ros/srv/__init__.py
Symlinking /home/rmy/sensor_driver/devel/lib/python3/dist-packages/ouster_ros/srv/_SetConfig.py
Symlinking /home/rmy/sensor_driver/devel/lib/python3/dist-packages/ouster_ros/srv/_GetMetadata.py
Symlinking /home/rmy/sensor_driver/devel/lib/python3/dist-packages/ouster_ros/msg/__init__.py
Symlinking /home/rmy/sensor_driver/devel/lib/python3/dist-packages/ouster_ros/msg/_PacketMsg.py
Symlinking /home/rmy/sensor_driver/devel/include/ouster_ros/PacketMsg.h
Symlinking /home/rmy/sensor_driver/devel/include/ouster_ros/GetConfigRequest.h
Symlinking /home/rmy/sensor_driver/devel/include/ouster_ros/GetMetadata.h
Symlinking /home/rmy/sensor_driver/devel/include/ouster_ros/SetConfig.h
Symlinking /home/rmy/sensor_driver/devel/include/ouster_ros/GetMetadataResponse.h
Symlinking /home/rmy/sensor_driver/devel/include/ouster_ros/GetMetadataRequest.h
Symlinking /home/rmy/sensor_driver/devel/include/ouster_ros/SetConfigRequest.h
Symlinking /home/rmy/sensor_driver/devel/include/ouster_ros/GetConfigResponse.h
Symlinking /home/rmy/sensor_driver/devel/include/ouster_ros/GetConfig.h
Symlinking /home/rmy/sensor_driver/devel/include/ouster_ros/SetConfigResponse.h
Symlinking /home/rmy/sensor_driver/devel/share/ouster_ros/cmake/ouster_rosConfig.cmake
Symlinking /home/rmy/sensor_driver/devel/share/ouster_ros/cmake/ouster_rosConfig-version.cmake
Symlinking /home/rmy/sensor_driver/devel/share/ouster_ros/cmake/ouster_ros-msg-paths.cmake
Symlinking /home/rmy/sensor_driver/devel/share/ouster_ros/cmake/ouster_ros-msg-extras.cmake
Symlinking /home/rmy/sensor_driver/devel/share/roseus/ros/ouster_ros/manifest.l
Symlinking /home/rmy/sensor_driver/devel/share/roseus/ros/ouster_ros/srv/GetMetadata.l
Symlinking /home/rmy/sensor_driver/devel/share/roseus/ros/ouster_ros/srv/GetConfig.l
Symlinking /home/rmy/sensor_driver/devel/share/roseus/ros/ouster_ros/srv/SetConfig.l
Symlinking /home/rmy/sensor_driver/devel/share/roseus/ros/ouster_ros/msg/PacketMsg.l
Symlinking /home/rmy/sensor_driver/devel/share/common-lisp/ros/ouster_ros/srv/_package.lisp
Symlinking /home/rmy/sensor_driver/devel/share/common-lisp/ros/ouster_ros/srv/_package_GetConfig.lisp
Symlinking /home/rmy/sensor_driver/devel/share/common-lisp/ros/ouster_ros/srv/_package_SetConfig.lisp
Symlinking /home/rmy/sensor_driver/devel/share/common-lisp/ros/ouster_ros/srv/ouster_ros-srv.asd
Symlinking /home/rmy/sensor_driver/devel/share/common-lisp/ros/ouster_ros/srv/_package_GetMetadata.lisp
Symlinking /home/rmy/sensor_driver/devel/share/common-lisp/ros/ouster_ros/srv/SetConfig.lisp
Symlinking /home/rmy/sensor_driver/devel/share/common-lisp/ros/ouster_ros/srv/GetConfig.lisp
Symlinking /home/rmy/sensor_driver/devel/share/common-lisp/ros/ouster_ros/srv/GetMetadata.lisp
Symlinking /home/rmy/sensor_driver/devel/share/common-lisp/ros/ouster_ros/msg/ouster_ros-msg.asd
Symlinking /home/rmy/sensor_driver/devel/share/common-lisp/ros/ouster_ros/msg/_package.lisp
Symlinking /home/rmy/sensor_driver/devel/share/common-lisp/ros/ouster_ros/msg/PacketMsg.lisp
Symlinking /home/rmy/sensor_driver/devel/share/common-lisp/ros/ouster_ros/msg/_package_PacketMsg.lisp
Symlinking /home/rmy/sensor_driver/devel/share/gennodejs/ros/ouster_ros/_index.js
Symlinking /home/rmy/sensor_driver/devel/share/gennodejs/ros/ouster_ros/srv/GetConfig.js
Symlinking /home/rmy/sensor_driver/devel/share/gennodejs/ros/ouster_ros/srv/_index.js
Symlinking /home/rmy/sensor_driver/devel/share/gennodejs/ros/ouster_ros/srv/GetMetadata.js
Symlinking /home/rmy/sensor_driver/devel/share/gennodejs/ros/ouster_ros/srv/SetConfig.js
Symlinking /home/rmy/sensor_driver/devel/share/gennodejs/ros/ouster_ros/msg/_index.js
Symlinking /home/rmy/sensor_driver/devel/share/gennodejs/ros/ouster_ros/msg/PacketMsg.js
