Symlinking /home/rmy/sensor_driver/devel/lib/pkgconfig/perception_msgs.pc
Symlinking /home/rmy/sensor_driver/devel/lib/python3/dist-packages/perception_msgs/__init__.py
Symlinking /home/rmy/sensor_driver/devel/lib/python3/dist-packages/perception_msgs/msg/_DynamicObject.py
Symlinking /home/rmy/sensor_driver/devel/lib/python3/dist-packages/perception_msgs/msg/_State.py
Symlinking /home/rmy/sensor_driver/devel/lib/python3/dist-packages/perception_msgs/msg/_RadarObjectList.py
Symlinking /home/rmy/sensor_driver/devel/lib/python3/dist-packages/perception_msgs/msg/__init__.py
Symlinking /home/rmy/sensor_driver/devel/lib/python3/dist-packages/perception_msgs/msg/_Shape.py
Symlinking /home/rmy/sensor_driver/devel/lib/python3/dist-packages/perception_msgs/msg/_DynamicObjectList.py
Symlinking /home/rmy/sensor_driver/devel/lib/python3/dist-packages/perception_msgs/msg/_radarobjects.py
Symlinking /home/rmy/sensor_driver/devel/lib/python3/dist-packages/perception_msgs/msg/_Semantic.py
Symlinking /home/rmy/sensor_driver/devel/include/perception_msgs/DynamicObject.h
Symlinking /home/rmy/sensor_driver/devel/include/perception_msgs/State.h
Symlinking /home/rmy/sensor_driver/devel/include/perception_msgs/RadarObjectList.h
Symlinking /home/rmy/sensor_driver/devel/include/perception_msgs/DynamicObjectList.h
Symlinking /home/rmy/sensor_driver/devel/include/perception_msgs/Shape.h
Symlinking /home/rmy/sensor_driver/devel/include/perception_msgs/radarobjects.h
Symlinking /home/rmy/sensor_driver/devel/include/perception_msgs/Semantic.h
Symlinking /home/rmy/sensor_driver/devel/share/roseus/ros/perception_msgs/manifest.l
Symlinking /home/rmy/sensor_driver/devel/share/roseus/ros/perception_msgs/msg/State.l
Symlinking /home/rmy/sensor_driver/devel/share/roseus/ros/perception_msgs/msg/RadarObjectList.l
Symlinking /home/rmy/sensor_driver/devel/share/roseus/ros/perception_msgs/msg/radarobjects.l
Symlinking /home/rmy/sensor_driver/devel/share/roseus/ros/perception_msgs/msg/Semantic.l
Symlinking /home/rmy/sensor_driver/devel/share/roseus/ros/perception_msgs/msg/DynamicObject.l
Symlinking /home/rmy/sensor_driver/devel/share/roseus/ros/perception_msgs/msg/DynamicObjectList.l
Symlinking /home/rmy/sensor_driver/devel/share/roseus/ros/perception_msgs/msg/Shape.l
Symlinking /home/rmy/sensor_driver/devel/share/common-lisp/ros/perception_msgs/msg/_package.lisp
Symlinking /home/rmy/sensor_driver/devel/share/common-lisp/ros/perception_msgs/msg/_package_radarobjects.lisp
Symlinking /home/rmy/sensor_driver/devel/share/common-lisp/ros/perception_msgs/msg/_package_DynamicObjectList.lisp
Symlinking /home/rmy/sensor_driver/devel/share/common-lisp/ros/perception_msgs/msg/_package_DynamicObject.lisp
Symlinking /home/rmy/sensor_driver/devel/share/common-lisp/ros/perception_msgs/msg/_package_Shape.lisp
Symlinking /home/rmy/sensor_driver/devel/share/common-lisp/ros/perception_msgs/msg/DynamicObjectList.lisp
Symlinking /home/rmy/sensor_driver/devel/share/common-lisp/ros/perception_msgs/msg/RadarObjectList.lisp
Symlinking /home/rmy/sensor_driver/devel/share/common-lisp/ros/perception_msgs/msg/Semantic.lisp
Symlinking /home/rmy/sensor_driver/devel/share/common-lisp/ros/perception_msgs/msg/State.lisp
Symlinking /home/rmy/sensor_driver/devel/share/common-lisp/ros/perception_msgs/msg/DynamicObject.lisp
Symlinking /home/rmy/sensor_driver/devel/share/common-lisp/ros/perception_msgs/msg/_package_State.lisp
Symlinking /home/rmy/sensor_driver/devel/share/common-lisp/ros/perception_msgs/msg/radarobjects.lisp
Symlinking /home/rmy/sensor_driver/devel/share/common-lisp/ros/perception_msgs/msg/_package_RadarObjectList.lisp
Symlinking /home/rmy/sensor_driver/devel/share/common-lisp/ros/perception_msgs/msg/_package_Semantic.lisp
Symlinking /home/rmy/sensor_driver/devel/share/common-lisp/ros/perception_msgs/msg/Shape.lisp
Symlinking /home/rmy/sensor_driver/devel/share/common-lisp/ros/perception_msgs/msg/perception_msgs-msg.asd
Symlinking /home/rmy/sensor_driver/devel/share/perception_msgs/cmake/perception_msgs-msg-extras.cmake
Symlinking /home/rmy/sensor_driver/devel/share/perception_msgs/cmake/perception_msgsConfig.cmake
Symlinking /home/rmy/sensor_driver/devel/share/perception_msgs/cmake/perception_msgsConfig-version.cmake
Symlinking /home/rmy/sensor_driver/devel/share/perception_msgs/cmake/perception_msgs-msg-paths.cmake
Symlinking /home/rmy/sensor_driver/devel/share/gennodejs/ros/perception_msgs/_index.js
Symlinking /home/rmy/sensor_driver/devel/share/gennodejs/ros/perception_msgs/msg/RadarObjectList.js
Symlinking /home/rmy/sensor_driver/devel/share/gennodejs/ros/perception_msgs/msg/Semantic.js
Symlinking /home/rmy/sensor_driver/devel/share/gennodejs/ros/perception_msgs/msg/_index.js
Symlinking /home/rmy/sensor_driver/devel/share/gennodejs/ros/perception_msgs/msg/DynamicObject.js
Symlinking /home/rmy/sensor_driver/devel/share/gennodejs/ros/perception_msgs/msg/Shape.js
Symlinking /home/rmy/sensor_driver/devel/share/gennodejs/ros/perception_msgs/msg/State.js
Symlinking /home/rmy/sensor_driver/devel/share/gennodejs/ros/perception_msgs/msg/radarobjects.js
Symlinking /home/rmy/sensor_driver/devel/share/gennodejs/ros/perception_msgs/msg/DynamicObjectList.js
