[35m[1mScanning dependencies of target _perception_msgs_generate_messages_check_deps_RadarObjectList[0m
[35m[1mScanning dependencies of target std_msgs_generate_messages_eus[0m
[35m[1mScanning dependencies of target _perception_msgs_generate_messages_check_deps_radarobjects[0m
[35m[1mScanning dependencies of target _perception_msgs_generate_messages_check_deps_DynamicObjectList[0m
[35m[1mScanning dependencies of target _perception_msgs_generate_messages_check_deps_State[0m
[35m[1mScanning dependencies of target _perception_msgs_generate_messages_check_deps_Shape[0m
[35m[1mScanning dependencies of target _perception_msgs_generate_messages_check_deps_DynamicObject[0m
[35m[1mScanning dependencies of target geometry_msgs_generate_messages_eus[0m
[35m[1mScanning dependencies of target geometry_msgs_generate_messages_cpp[0m
[35m[1mScanning dependencies of target _perception_msgs_generate_messages_check_deps_Semantic[0m
[35m[1mScanning dependencies of target std_msgs_generate_messages_py[0m
[35m[1mScanning dependencies of target std_msgs_generate_messages_cpp[0m
[35m[1mScanning dependencies of target geometry_msgs_generate_messages_nodejs[0m
[35m[1mScanning dependencies of target std_msgs_generate_messages_lisp[0m
[35m[1mScanning dependencies of target std_msgs_generate_messages_nodejs[0m
[35m[1mScanning dependencies of target geometry_msgs_generate_messages_py[0m
[35m[1mScanning dependencies of target geometry_msgs_generate_messages_lisp[0m
[  0%] Built target std_msgs_generate_messages_eus
[  0%] Built target std_msgs_generate_messages_lisp
[  0%] Built target std_msgs_generate_messages_cpp
[  0%] Built target std_msgs_generate_messages_py
[  0%] Built target geometry_msgs_generate_messages_eus
[  0%] Built target geometry_msgs_generate_messages_nodejs
[  0%] Built target std_msgs_generate_messages_nodejs
[  0%] Built target geometry_msgs_generate_messages_py
[  0%] Built target geometry_msgs_generate_messages_lisp
[  0%] Built target geometry_msgs_generate_messages_cpp
[  0%] Built target _perception_msgs_generate_messages_check_deps_State
[  0%] Built target _perception_msgs_generate_messages_check_deps_RadarObjectList
[  0%] Built target _perception_msgs_generate_messages_check_deps_Shape
[  0%] Built target _perception_msgs_generate_messages_check_deps_radarobjects
[  0%] Built target _perception_msgs_generate_messages_check_deps_DynamicObject
[  0%] Built target _perception_msgs_generate_messages_check_deps_Semantic
[  0%] Built target _perception_msgs_generate_messages_check_deps_DynamicObjectList
[35m[1mScanning dependencies of target perception_msgs_generate_messages_eus[0m
[35m[1mScanning dependencies of target perception_msgs_generate_messages_py[0m
[35m[1mScanning dependencies of target perception_msgs_generate_messages_cpp[0m
[35m[1mScanning dependencies of target perception_msgs_generate_messages_nodejs[0m
[35m[1mScanning dependencies of target perception_msgs_generate_messages_lisp[0m
[  5%] [34m[1mGenerating Python from MSG perception_msgs/radarobjects[0m
[  5%] [34m[1mGenerating Python from MSG perception_msgs/RadarObjectList[0m
[  8%] [34m[1mGenerating EusLisp code from perception_msgs/Semantic.msg[0m
[ 13%] [34m[1mGenerating EusLisp code from perception_msgs/radarobjects.msg[0m
[ 13%] [34m[1mGenerating EusLisp code from perception_msgs/RadarObjectList.msg[0m
[ 16%] [34m[1mGenerating EusLisp code from perception_msgs/State.msg[0m
[ 21%] [34m[1mGenerating Javascript code from perception_msgs/Shape.msg[0m
[ 21%] [34m[1mGenerating Javascript code from perception_msgs/RadarObjectList.msg[0m
[ 27%] [34m[1mGenerating C++ code from perception_msgs/RadarObjectList.msg[0m
[ 27%] [34m[1mGenerating EusLisp code from perception_msgs/Shape.msg[0m
[ 35%] [34m[1mGenerating Python from MSG perception_msgs/Semantic[0m
[ 35%] [34m[1mGenerating Javascript code from perception_msgs/radarobjects.msg[0m
[ 35%] [34m[1mGenerating C++ code from perception_msgs/radarobjects.msg[0m
[ 37%] [34m[1mGenerating Javascript code from perception_msgs/Semantic.msg[0m
[ 40%] [34m[1mGenerating C++ code from perception_msgs/Semantic.msg[0m
[ 43%] [34m[1mGenerating C++ code from perception_msgs/Shape.msg[0m
[ 45%] [34m[1mGenerating Javascript code from perception_msgs/State.msg[0m
[ 51%] [34m[1mGenerating Python from MSG perception_msgs/Shape[0m
[ 51%] [34m[1mGenerating Javascript code from perception_msgs/DynamicObject.msg[0m
[ 54%] [34m[1mGenerating C++ code from perception_msgs/State.msg[0m
[ 56%] [34m[1mGenerating Python from MSG perception_msgs/DynamicObjectList[0m
[ 59%] [34m[1mGenerating C++ code from perception_msgs/DynamicObjectList.msg[0m
[ 62%] [34m[1mGenerating Lisp code from perception_msgs/radarobjects.msg[0m
[ 64%] [34m[1mGenerating C++ code from perception_msgs/DynamicObject.msg[0m
[ 67%] [34m[1mGenerating EusLisp code from perception_msgs/DynamicObject.msg[0m
[ 70%] [34m[1mGenerating Python from MSG perception_msgs/DynamicObject[0m
[ 72%] [34m[1mGenerating Javascript code from perception_msgs/DynamicObjectList.msg[0m
[ 75%] [34m[1mGenerating Python from MSG perception_msgs/State[0m
[ 78%] [34m[1mGenerating Lisp code from perception_msgs/RadarObjectList.msg[0m
[ 81%] [34m[1mGenerating EusLisp code from perception_msgs/DynamicObjectList.msg[0m
[ 83%] [34m[1mGenerating EusLisp manifest code for perception_msgs[0m
[ 83%] Built target perception_msgs_generate_messages_nodejs
[ 86%] [34m[1mGenerating Lisp code from perception_msgs/Semantic.msg[0m
[ 89%] [34m[1mGenerating Lisp code from perception_msgs/Shape.msg[0m
[ 91%] [34m[1mGenerating Lisp code from perception_msgs/State.msg[0m
[ 94%] [34m[1mGenerating Lisp code from perception_msgs/DynamicObject.msg[0m
[ 97%] [34m[1mGenerating Lisp code from perception_msgs/DynamicObjectList.msg[0m
[ 97%] Built target perception_msgs_generate_messages_cpp
[ 97%] Built target perception_msgs_generate_messages_lisp
[100%] [34m[1mGenerating Python msg __init__.py for perception_msgs[0m
[100%] Built target perception_msgs_generate_messages_eus
[100%] Built target perception_msgs_generate_messages_py
[35m[1mScanning dependencies of target perception_msgs_generate_messages[0m
[100%] Built target perception_msgs_generate_messages
