Symlinking /home/rmy/sensor_driver/devel/lib/pkgconfig/ars548_msg.pc
Symlinking /home/rmy/sensor_driver/devel/lib/python3/dist-packages/ars548_msg/__init__.py
Symlinking /home/rmy/sensor_driver/devel/lib/python3/dist-packages/ars548_msg/msg/_objects.py
Symlinking /home/rmy/sensor_driver/devel/lib/python3/dist-packages/ars548_msg/msg/_VelocityVehicle.py
Symlinking /home/rmy/sensor_driver/devel/lib/python3/dist-packages/ars548_msg/msg/_DetectionList.py
Symlinking /home/rmy/sensor_driver/devel/lib/python3/dist-packages/ars548_msg/msg/_SteeringAngleFrontAxle.py
Symlinking /home/rmy/sensor_driver/devel/lib/python3/dist-packages/ars548_msg/msg/_YawRate.py
Symlinking /home/rmy/sensor_driver/devel/lib/python3/dist-packages/ars548_msg/msg/_detections.py
Symlinking /home/rmy/sensor_driver/devel/lib/python3/dist-packages/ars548_msg/msg/_CharacteristicSpeed.py
Symlinking /home/rmy/sensor_driver/devel/lib/python3/dist-packages/ars548_msg/msg/__init__.py
Symlinking /home/rmy/sensor_driver/devel/lib/python3/dist-packages/ars548_msg/msg/_AccelerationLateralCog.py
Symlinking /home/rmy/sensor_driver/devel/lib/python3/dist-packages/ars548_msg/msg/_AccelerationLongitudinalCog.py
Symlinking /home/rmy/sensor_driver/devel/lib/python3/dist-packages/ars548_msg/msg/_ObjectList.py
Symlinking /home/rmy/sensor_driver/devel/lib/python3/dist-packages/ars548_msg/msg/_DrivingDirection.py
Symlinking /home/rmy/sensor_driver/devel/lib/python3/dist-packages/ars548_msg/msg/_RadarBasicStatus.py
Symlinking /home/rmy/sensor_driver/devel/include/ars548_msg/CharacteristicSpeed.h
Symlinking /home/rmy/sensor_driver/devel/include/ars548_msg/objects.h
Symlinking /home/rmy/sensor_driver/devel/include/ars548_msg/VelocityVehicle.h
Symlinking /home/rmy/sensor_driver/devel/include/ars548_msg/AccelerationLongitudinalCog.h
Symlinking /home/rmy/sensor_driver/devel/include/ars548_msg/detections.h
Symlinking /home/rmy/sensor_driver/devel/include/ars548_msg/ObjectList.h
Symlinking /home/rmy/sensor_driver/devel/include/ars548_msg/SteeringAngleFrontAxle.h
Symlinking /home/rmy/sensor_driver/devel/include/ars548_msg/DrivingDirection.h
Symlinking /home/rmy/sensor_driver/devel/include/ars548_msg/DetectionList.h
Symlinking /home/rmy/sensor_driver/devel/include/ars548_msg/YawRate.h
Symlinking /home/rmy/sensor_driver/devel/include/ars548_msg/RadarBasicStatus.h
Symlinking /home/rmy/sensor_driver/devel/include/ars548_msg/AccelerationLateralCog.h
Symlinking /home/rmy/sensor_driver/devel/share/roseus/ros/ars548_msg/manifest.l
Symlinking /home/rmy/sensor_driver/devel/share/roseus/ros/ars548_msg/msg/RadarBasicStatus.l
Symlinking /home/rmy/sensor_driver/devel/share/roseus/ros/ars548_msg/msg/DrivingDirection.l
Symlinking /home/rmy/sensor_driver/devel/share/roseus/ros/ars548_msg/msg/objects.l
Symlinking /home/rmy/sensor_driver/devel/share/roseus/ros/ars548_msg/msg/SteeringAngleFrontAxle.l
Symlinking /home/rmy/sensor_driver/devel/share/roseus/ros/ars548_msg/msg/VelocityVehicle.l
Symlinking /home/rmy/sensor_driver/devel/share/roseus/ros/ars548_msg/msg/AccelerationLongitudinalCog.l
Symlinking /home/rmy/sensor_driver/devel/share/roseus/ros/ars548_msg/msg/DetectionList.l
Symlinking /home/rmy/sensor_driver/devel/share/roseus/ros/ars548_msg/msg/YawRate.l
Symlinking /home/rmy/sensor_driver/devel/share/roseus/ros/ars548_msg/msg/ObjectList.l
Symlinking /home/rmy/sensor_driver/devel/share/roseus/ros/ars548_msg/msg/detections.l
Symlinking /home/rmy/sensor_driver/devel/share/roseus/ros/ars548_msg/msg/AccelerationLateralCog.l
Symlinking /home/rmy/sensor_driver/devel/share/roseus/ros/ars548_msg/msg/CharacteristicSpeed.l
Symlinking /home/rmy/sensor_driver/devel/share/common-lisp/ros/ars548_msg/msg/_package_detections.lisp
Symlinking /home/rmy/sensor_driver/devel/share/common-lisp/ros/ars548_msg/msg/_package_VelocityVehicle.lisp
Symlinking /home/rmy/sensor_driver/devel/share/common-lisp/ros/ars548_msg/msg/SteeringAngleFrontAxle.lisp
Symlinking /home/rmy/sensor_driver/devel/share/common-lisp/ros/ars548_msg/msg/_package.lisp
Symlinking /home/rmy/sensor_driver/devel/share/common-lisp/ros/ars548_msg/msg/_package_ObjectList.lisp
Symlinking /home/rmy/sensor_driver/devel/share/common-lisp/ros/ars548_msg/msg/objects.lisp
Symlinking /home/rmy/sensor_driver/devel/share/common-lisp/ros/ars548_msg/msg/detections.lisp
Symlinking /home/rmy/sensor_driver/devel/share/common-lisp/ros/ars548_msg/msg/_package_RadarBasicStatus.lisp
Symlinking /home/rmy/sensor_driver/devel/share/common-lisp/ros/ars548_msg/msg/_package_CharacteristicSpeed.lisp
Symlinking /home/rmy/sensor_driver/devel/share/common-lisp/ros/ars548_msg/msg/AccelerationLongitudinalCog.lisp
Symlinking /home/rmy/sensor_driver/devel/share/common-lisp/ros/ars548_msg/msg/_package_DetectionList.lisp
Symlinking /home/rmy/sensor_driver/devel/share/common-lisp/ros/ars548_msg/msg/AccelerationLateralCog.lisp
Symlinking /home/rmy/sensor_driver/devel/share/common-lisp/ros/ars548_msg/msg/YawRate.lisp
Symlinking /home/rmy/sensor_driver/devel/share/common-lisp/ros/ars548_msg/msg/ObjectList.lisp
Symlinking /home/rmy/sensor_driver/devel/share/common-lisp/ros/ars548_msg/msg/DetectionList.lisp
Symlinking /home/rmy/sensor_driver/devel/share/common-lisp/ros/ars548_msg/msg/_package_DrivingDirection.lisp
Symlinking /home/rmy/sensor_driver/devel/share/common-lisp/ros/ars548_msg/msg/_package_AccelerationLateralCog.lisp
Symlinking /home/rmy/sensor_driver/devel/share/common-lisp/ros/ars548_msg/msg/RadarBasicStatus.lisp
Symlinking /home/rmy/sensor_driver/devel/share/common-lisp/ros/ars548_msg/msg/_package_SteeringAngleFrontAxle.lisp
Symlinking /home/rmy/sensor_driver/devel/share/common-lisp/ros/ars548_msg/msg/ars548_msg-msg.asd
Symlinking /home/rmy/sensor_driver/devel/share/common-lisp/ros/ars548_msg/msg/VelocityVehicle.lisp
Symlinking /home/rmy/sensor_driver/devel/share/common-lisp/ros/ars548_msg/msg/CharacteristicSpeed.lisp
Symlinking /home/rmy/sensor_driver/devel/share/common-lisp/ros/ars548_msg/msg/_package_AccelerationLongitudinalCog.lisp
Symlinking /home/rmy/sensor_driver/devel/share/common-lisp/ros/ars548_msg/msg/_package_objects.lisp
Symlinking /home/rmy/sensor_driver/devel/share/common-lisp/ros/ars548_msg/msg/_package_YawRate.lisp
Symlinking /home/rmy/sensor_driver/devel/share/common-lisp/ros/ars548_msg/msg/DrivingDirection.lisp
Symlinking /home/rmy/sensor_driver/devel/share/ars548_msg/cmake/ars548_msg-msg-extras.cmake
Symlinking /home/rmy/sensor_driver/devel/share/ars548_msg/cmake/ars548_msgConfig.cmake
Symlinking /home/rmy/sensor_driver/devel/share/ars548_msg/cmake/ars548_msg-msg-paths.cmake
Symlinking /home/rmy/sensor_driver/devel/share/ars548_msg/cmake/ars548_msgConfig-version.cmake
Symlinking /home/rmy/sensor_driver/devel/share/gennodejs/ros/ars548_msg/_index.js
Symlinking /home/rmy/sensor_driver/devel/share/gennodejs/ros/ars548_msg/msg/_index.js
Symlinking /home/rmy/sensor_driver/devel/share/gennodejs/ros/ars548_msg/msg/detections.js
Symlinking /home/rmy/sensor_driver/devel/share/gennodejs/ros/ars548_msg/msg/SteeringAngleFrontAxle.js
Symlinking /home/rmy/sensor_driver/devel/share/gennodejs/ros/ars548_msg/msg/CharacteristicSpeed.js
Symlinking /home/rmy/sensor_driver/devel/share/gennodejs/ros/ars548_msg/msg/DetectionList.js
Symlinking /home/rmy/sensor_driver/devel/share/gennodejs/ros/ars548_msg/msg/ObjectList.js
Symlinking /home/rmy/sensor_driver/devel/share/gennodejs/ros/ars548_msg/msg/objects.js
Symlinking /home/rmy/sensor_driver/devel/share/gennodejs/ros/ars548_msg/msg/AccelerationLateralCog.js
Symlinking /home/rmy/sensor_driver/devel/share/gennodejs/ros/ars548_msg/msg/DrivingDirection.js
Symlinking /home/rmy/sensor_driver/devel/share/gennodejs/ros/ars548_msg/msg/YawRate.js
Symlinking /home/rmy/sensor_driver/devel/share/gennodejs/ros/ars548_msg/msg/AccelerationLongitudinalCog.js
Symlinking /home/rmy/sensor_driver/devel/share/gennodejs/ros/ars548_msg/msg/RadarBasicStatus.js
Symlinking /home/rmy/sensor_driver/devel/share/gennodejs/ros/ars548_msg/msg/VelocityVehicle.js
