[35m[1mScanning dependencies of target _ars548_msg_generate_messages_check_deps_DetectionList[0m
[  0%] Built target _ars548_msg_generate_messages_check_deps_DetectionList
[35m[1mScanning dependencies of target _ars548_msg_generate_messages_check_deps_YawRate[0m
[35m[1mScanning dependencies of target _ars548_msg_generate_messages_check_deps_CharacteristicSpeed[0m
[35m[1mScanning dependencies of target std_msgs_generate_messages_lisp[0m
[35m[1mScanning dependencies of target _ars548_msg_generate_messages_check_deps_DrivingDirection[0m
[35m[1mScanning dependencies of target _ars548_msg_generate_messages_check_deps_ObjectList[0m
[  0%] Built target std_msgs_generate_messages_lisp
[35m[1mScanning dependencies of target _ars548_msg_generate_messages_check_deps_VelocityVehicle[0m
[35m[1mScanning dependencies of target _ars548_msg_generate_messages_check_deps_AccelerationLongitudinalCog[0m
[  0%] Built target _ars548_msg_generate_messages_check_deps_YawRate
[35m[1mScanning dependencies of target _ars548_msg_generate_messages_check_deps_RadarBasicStatus[0m
[  0%] Built target _ars548_msg_generate_messages_check_deps_ObjectList
[35m[1mScanning dependencies of target _ars548_msg_generate_messages_check_deps_AccelerationLateralCog[0m
[35m[1mScanning dependencies of target _ars548_msg_generate_messages_check_deps_SteeringAngleFrontAxle[0m
[35m[1mScanning dependencies of target _ars548_msg_generate_messages_check_deps_objects[0m
[35m[1mScanning dependencies of target _ars548_msg_generate_messages_check_deps_detections[0m
[35m[1mScanning dependencies of target std_msgs_generate_messages_nodejs[0m
[35m[1mScanning dependencies of target std_msgs_generate_messages_eus[0m
[  0%] Built target _ars548_msg_generate_messages_check_deps_DrivingDirection
[  0%] Built target _ars548_msg_generate_messages_check_deps_CharacteristicSpeed
[35m[1mScanning dependencies of target std_msgs_generate_messages_cpp[0m
[35m[1mScanning dependencies of target std_msgs_generate_messages_py[0m
[  0%] Built target std_msgs_generate_messages_nodejs
[  0%] Built target std_msgs_generate_messages_eus
[  0%] Built target _ars548_msg_generate_messages_check_deps_VelocityVehicle
[  0%] Built target std_msgs_generate_messages_py
[  0%] Built target std_msgs_generate_messages_cpp
[  0%] Built target _ars548_msg_generate_messages_check_deps_AccelerationLongitudinalCog
[  0%] Built target _ars548_msg_generate_messages_check_deps_RadarBasicStatus
[  0%] Built target _ars548_msg_generate_messages_check_deps_SteeringAngleFrontAxle
[  0%] Built target _ars548_msg_generate_messages_check_deps_objects
[  0%] Built target _ars548_msg_generate_messages_check_deps_AccelerationLateralCog
[  0%] Built target _ars548_msg_generate_messages_check_deps_detections
[35m[1mScanning dependencies of target ars548_msg_generate_messages_lisp[0m
[35m[1mScanning dependencies of target ars548_msg_generate_messages_cpp[0m
[35m[1mScanning dependencies of target ars548_msg_generate_messages_eus[0m
[35m[1mScanning dependencies of target ars548_msg_generate_messages_nodejs[0m
[35m[1mScanning dependencies of target ars548_msg_generate_messages_py[0m
[  1%] [34m[1mGenerating Lisp code from ars548_msg/VelocityVehicle.msg[0m
[  4%] [34m[1mGenerating Lisp code from ars548_msg/AccelerationLongitudinalCog.msg[0m
[  4%] [34m[1mGenerating Lisp code from ars548_msg/AccelerationLateralCog.msg[0m
[  8%] [34m[1mGenerating Lisp code from ars548_msg/ObjectList.msg[0m
[  8%] [34m[1mGenerating Lisp code from ars548_msg/RadarBasicStatus.msg[0m
[  9%] [34m[1mGenerating Lisp code from ars548_msg/detections.msg[0m
[ 11%] [34m[1mGenerating Lisp code from ars548_msg/DetectionList.msg[0m
[ 12%] [34m[1mGenerating Lisp code from ars548_msg/CharacteristicSpeed.msg[0m
[ 14%] [34m[1mGenerating Lisp code from ars548_msg/DrivingDirection.msg[0m
[ 16%] [34m[1mGenerating Lisp code from ars548_msg/YawRate.msg[0m
[ 17%] [34m[1mGenerating Lisp code from ars548_msg/SteeringAngleFrontAxle.msg[0m
[ 19%] [34m[1mGenerating Lisp code from ars548_msg/objects.msg[0m
[ 20%] [34m[1mGenerating Javascript code from ars548_msg/objects.msg[0m
[ 22%] [34m[1mGenerating C++ code from ars548_msg/objects.msg[0m
[ 24%] [34m[1mGenerating EusLisp code from ars548_msg/detections.msg[0m
[ 25%] [34m[1mGenerating EusLisp code from ars548_msg/ObjectList.msg[0m
[ 27%] [34m[1mGenerating EusLisp code from ars548_msg/objects.msg[0m
[ 29%] [34m[1mGenerating C++ code from ars548_msg/ObjectList.msg[0m
[ 30%] [34m[1mGenerating Javascript code from ars548_msg/ObjectList.msg[0m
[ 32%] [34m[1mGenerating EusLisp code from ars548_msg/DetectionList.msg[0m
[ 33%] [34m[1mGenerating Python from MSG ars548_msg/objects[0m
[ 37%] [34m[1mGenerating EusLisp code from ars548_msg/RadarBasicStatus.msg[0m
[ 37%] [34m[1mGenerating Javascript code from ars548_msg/detections.msg[0m
[ 38%] [34m[1mGenerating Javascript code from ars548_msg/DetectionList.msg[0m
[ 40%] [34m[1mGenerating EusLisp code from ars548_msg/AccelerationLateralCog.msg[0m
[ 45%] [34m[1mGenerating Javascript code from ars548_msg/AccelerationLateralCog.msg[0m
[ 45%] [34m[1mGenerating Javascript code from ars548_msg/RadarBasicStatus.msg[0m
[ 45%] [34m[1mGenerating Python from MSG ars548_msg/ObjectList[0m
[ 46%] [34m[1mGenerating EusLisp code from ars548_msg/AccelerationLongitudinalCog.msg[0m
[ 48%] [34m[1mGenerating Python from MSG ars548_msg/detections[0m
[ 50%] [34m[1mGenerating Javascript code from ars548_msg/AccelerationLongitudinalCog.msg[0m
[ 51%] [34m[1mGenerating Javascript code from ars548_msg/CharacteristicSpeed.msg[0m
[ 53%] [34m[1mGenerating C++ code from ars548_msg/detections.msg[0m
[ 54%] [34m[1mGenerating Javascript code from ars548_msg/DrivingDirection.msg[0m
[ 54%] Built target ars548_msg_generate_messages_lisp
[ 56%] [34m[1mGenerating EusLisp code from ars548_msg/CharacteristicSpeed.msg[0m
[ 58%] [34m[1mGenerating Javascript code from ars548_msg/SteeringAngleFrontAxle.msg[0m
[ 59%] [34m[1mGenerating EusLisp code from ars548_msg/DrivingDirection.msg[0m
[ 61%] [34m[1mGenerating EusLisp code from ars548_msg/SteeringAngleFrontAxle.msg[0m
[ 62%] [34m[1mGenerating EusLisp code from ars548_msg/VelocityVehicle.msg[0m
[ 64%] [34m[1mGenerating Javascript code from ars548_msg/VelocityVehicle.msg[0m
[ 66%] [34m[1mGenerating Javascript code from ars548_msg/YawRate.msg[0m
[ 67%] [34m[1mGenerating EusLisp code from ars548_msg/YawRate.msg[0m
[ 70%] [34m[1mGenerating EusLisp manifest code for ars548_msg[0m
[ 70%] [34m[1mGenerating Python from MSG ars548_msg/DetectionList[0m
[ 72%] [34m[1mGenerating C++ code from ars548_msg/DetectionList.msg[0m
[ 74%] [34m[1mGenerating C++ code from ars548_msg/AccelerationLateralCog.msg[0m
[ 75%] [34m[1mGenerating C++ code from ars548_msg/AccelerationLongitudinalCog.msg[0m
[ 77%] [34m[1mGenerating C++ code from ars548_msg/RadarBasicStatus.msg[0m
[ 79%] [34m[1mGenerating Python from MSG ars548_msg/RadarBasicStatus[0m
[ 80%] [34m[1mGenerating Python from MSG ars548_msg/AccelerationLateralCog[0m
[ 82%] [34m[1mGenerating Python from MSG ars548_msg/AccelerationLongitudinalCog[0m
[ 85%] [34m[1mGenerating Python from MSG ars548_msg/DrivingDirection[0m
[ 85%] [34m[1mGenerating Python from MSG ars548_msg/CharacteristicSpeed[0m
[ 87%] [34m[1mGenerating Python from MSG ars548_msg/SteeringAngleFrontAxle[0m
[ 87%] Built target ars548_msg_generate_messages_nodejs
[ 88%] [34m[1mGenerating Python from MSG ars548_msg/VelocityVehicle[0m
[ 90%] [34m[1mGenerating Python from MSG ars548_msg/YawRate[0m
[ 91%] [34m[1mGenerating C++ code from ars548_msg/CharacteristicSpeed.msg[0m
[ 93%] [34m[1mGenerating C++ code from ars548_msg/SteeringAngleFrontAxle.msg[0m
[ 95%] [34m[1mGenerating C++ code from ars548_msg/VelocityVehicle.msg[0m
[ 96%] [34m[1mGenerating C++ code from ars548_msg/DrivingDirection.msg[0m
[ 98%] [34m[1mGenerating C++ code from ars548_msg/YawRate.msg[0m
[ 98%] Built target ars548_msg_generate_messages_cpp
[100%] [34m[1mGenerating Python msg __init__.py for ars548_msg[0m
[100%] Built target ars548_msg_generate_messages_eus
[100%] Built target ars548_msg_generate_messages_py
[35m[1mScanning dependencies of target ars548_msg_generate_messages[0m
[100%] Built target ars548_msg_generate_messages
